2026-02-01 20:15:11,548 - INFO - Application started
2026-02-01 20:15:41,335 - INFO - GET / - 304 - 0.047s
2026-02-01 20:15:41,356 - INFO - GET /style.css - 304 - 0.002s
2026-02-01 20:15:41,357 - INFO - GET /app.js - 304 - 0.003s
2026-02-01 20:15:41,711 - INFO - GET /expenses/ - 200 - 0.024s
2026-02-01 20:15:41,711 - INFO - GET /users/ - 200 - 0.024s
2026-02-01 20:15:41,716 - INFO - GET /chat/history - 200 - 0.028s
2026-02-01 20:15:41,735 - INFO - GET / - 304 - 0.001s
2026-02-01 20:15:41,768 - INFO - GET /users/ - 200 - 0.007s
2026-02-01 20:15:41,769 - INFO - GET /expenses/ - 200 - 0.008s
2026-02-01 20:15:41,770 - INFO - GET /chat/history - 200 - 0.006s
2026-02-01 20:15:42,071 - INFO - GET / - 304 - 0.001s
2026-02-01 20:15:42,106 - INFO - GET /users/ - 200 - 0.008s
2026-02-01 20:15:42,114 - INFO - GET /expenses/ - 200 - 0.012s
2026-02-01 20:15:42,115 - INFO - GET /chat/history - 200 - 0.012s
2026-02-01 20:15:49,737 - INFO - POST /expenses/ - 200 - 0.015s
2026-02-01 20:15:49,745 - INFO - GET /expenses/ - 200 - 0.003s
2026-02-01 20:15:51,700 - INFO - GET /expenses/ - 200 - 0.003s
2026-02-01 20:17:07,445 - INFO - GET /expenses/ - 200 - 0.000s
2026-02-01 20:17:07,845 - INFO - GET /expenses/ - 200 - 0.000s
2026-02-01 20:17:12,167 - INFO - GET /expenses/ - 200 - 0.002s
2026-02-01 20:17:14,621 - INFO - GET /expenses/ - 200 - 0.003s
